2019-02-15 13:13:42 - PHP Notice:  Undefined variable: column_right in /home/b/b92085mx/b92085mx.beget.tech/public_html/catalog/view/theme/our_theme/template/extension/module/featured.tpl on line 5
2019-02-15 13:13:42 - PHP Notice:  Undefined variable: column_right in /home/b/b92085mx/b92085mx.beget.tech/public_html/catalog/view/theme/our_theme/template/extension/module/featured.tpl on line 5
2019-02-15 13:13:42 - PHP Notice:  Undefined variable: column_right in /home/b/b92085mx/b92085mx.beget.tech/public_html/catalog/view/theme/our_theme/template/extension/module/featured.tpl on line 5
2019-02-15 13:13:42 - PHP Notice:  Undefined variable: column_right in /home/b/b92085mx/b92085mx.beget.tech/public_html/catalog/view/theme/our_theme/template/extension/module/featured.tpl on line 5
2019-02-15 13:13:43 - PHP Notice:  Undefined variable: text_title in /home/b/b92085mx/b92085mx.beget.tech/public_html/catalog/view/theme/our_theme/template/common/cart.tpl on line 10
2019-02-15 13:13:43 - PHP Notice:  Undefined variable: text_close in /home/b/b92085mx/b92085mx.beget.tech/public_html/catalog/view/theme/our_theme/template/common/cart.tpl on line 66
2019-02-15 13:13:43 - PHP Notice:  Undefined variable: feedback in /home/b/b92085mx/b92085mx.beget.tech/public_html/catalog/view/theme/our_theme/template/common/header.tpl on line 96
2019-02-15 13:14:03 - PHP Notice:  Undefined variable: column_right in /home/b/b92085mx/b92085mx.beget.tech/public_html/catalog/view/theme/our_theme/template/extension/module/featured.tpl on line 5
2019-02-15 13:14:03 - PHP Notice:  Undefined variable: column_right in /home/b/b92085mx/b92085mx.beget.tech/public_html/catalog/view/theme/our_theme/template/extension/module/featured.tpl on line 5
2019-02-15 13:14:03 - PHP Notice:  Undefined variable: column_right in /home/b/b92085mx/b92085mx.beget.tech/public_html/catalog/view/theme/our_theme/template/extension/module/featured.tpl on line 5
2019-02-15 13:14:03 - PHP Notice:  Undefined variable: column_right in /home/b/b92085mx/b92085mx.beget.tech/public_html/catalog/view/theme/our_theme/template/extension/module/featured.tpl on line 5
2019-02-15 13:14:03 - PHP Notice:  Undefined variable: text_title in /home/b/b92085mx/b92085mx.beget.tech/public_html/catalog/view/theme/our_theme/template/common/cart.tpl on line 10
2019-02-15 13:14:03 - PHP Notice:  Undefined variable: text_close in /home/b/b92085mx/b92085mx.beget.tech/public_html/catalog/view/theme/our_theme/template/common/cart.tpl on line 66
2019-02-15 13:14:03 - PHP Notice:  Undefined variable: feedback in /home/b/b92085mx/b92085mx.beget.tech/public_html/catalog/view/theme/our_theme/template/common/header.tpl on line 96
2019-02-15 13:15:27 - PHP Notice:  Undefined variable: column_right in /home/b/b92085mx/b92085mx.beget.tech/public_html/catalog/view/theme/our_theme/template/extension/module/featured.tpl on line 5
2019-02-15 13:15:27 - PHP Notice:  Undefined variable: column_right in /home/b/b92085mx/b92085mx.beget.tech/public_html/catalog/view/theme/our_theme/template/extension/module/featured.tpl on line 5
2019-02-15 13:15:27 - PHP Notice:  Undefined variable: column_right in /home/b/b92085mx/b92085mx.beget.tech/public_html/catalog/view/theme/our_theme/template/extension/module/featured.tpl on line 5
2019-02-15 13:15:27 - PHP Notice:  Undefined variable: column_right in /home/b/b92085mx/b92085mx.beget.tech/public_html/catalog/view/theme/our_theme/template/extension/module/featured.tpl on line 5
2019-02-15 13:15:27 - PHP Notice:  Undefined variable: text_title in /home/b/b92085mx/b92085mx.beget.tech/public_html/catalog/view/theme/our_theme/template/common/cart.tpl on line 10
2019-02-15 13:15:27 - PHP Notice:  Undefined variable: text_close in /home/b/b92085mx/b92085mx.beget.tech/public_html/catalog/view/theme/our_theme/template/common/cart.tpl on line 66
2019-02-15 13:15:27 - PHP Notice:  Undefined variable: feedback in /home/b/b92085mx/b92085mx.beget.tech/public_html/catalog/view/theme/our_theme/template/common/header.tpl on line 96
2019-02-15 13:20:54 - PHP Notice:  Undefined variable: column_right in /home/b/b92085mx/b92085mx.beget.tech/public_html/catalog/view/theme/our_theme/template/extension/module/featured.tpl on line 5
2019-02-15 13:20:54 - PHP Notice:  Undefined variable: column_right in /home/b/b92085mx/b92085mx.beget.tech/public_html/catalog/view/theme/our_theme/template/extension/module/featured.tpl on line 5
2019-02-15 13:20:54 - PHP Notice:  Undefined variable: column_right in /home/b/b92085mx/b92085mx.beget.tech/public_html/catalog/view/theme/our_theme/template/extension/module/featured.tpl on line 5
2019-02-15 13:20:54 - PHP Notice:  Undefined variable: column_right in /home/b/b92085mx/b92085mx.beget.tech/public_html/catalog/view/theme/our_theme/template/extension/module/featured.tpl on line 5
2019-02-15 13:20:54 - PHP Notice:  Undefined variable: text_title in /home/b/b92085mx/b92085mx.beget.tech/public_html/catalog/view/theme/our_theme/template/common/cart.tpl on line 10
2019-02-15 13:20:54 - PHP Notice:  Undefined variable: text_close in /home/b/b92085mx/b92085mx.beget.tech/public_html/catalog/view/theme/our_theme/template/common/cart.tpl on line 66
2019-02-15 13:20:54 - PHP Notice:  Undefined variable: feedback in /home/b/b92085mx/b92085mx.beget.tech/public_html/catalog/view/theme/our_theme/template/common/header.tpl on line 96
2019-02-15 13:20:59 - PHP Notice:  Undefined variable: column_right in /home/b/b92085mx/b92085mx.beget.tech/public_html/catalog/view/theme/our_theme/template/extension/module/featured.tpl on line 5
2019-02-15 13:20:59 - PHP Notice:  Undefined variable: column_right in /home/b/b92085mx/b92085mx.beget.tech/public_html/catalog/view/theme/our_theme/template/extension/module/featured.tpl on line 5
2019-02-15 13:20:59 - PHP Notice:  Undefined variable: column_right in /home/b/b92085mx/b92085mx.beget.tech/public_html/catalog/view/theme/our_theme/template/extension/module/featured.tpl on line 5
2019-02-15 13:20:59 - PHP Notice:  Undefined variable: column_right in /home/b/b92085mx/b92085mx.beget.tech/public_html/catalog/view/theme/our_theme/template/extension/module/featured.tpl on line 5
2019-02-15 13:20:59 - PHP Notice:  Undefined variable: text_title in /home/b/b92085mx/b92085mx.beget.tech/public_html/catalog/view/theme/our_theme/template/common/cart.tpl on line 10
2019-02-15 13:20:59 - PHP Notice:  Undefined variable: text_close in /home/b/b92085mx/b92085mx.beget.tech/public_html/catalog/view/theme/our_theme/template/common/cart.tpl on line 66
2019-02-15 13:20:59 - PHP Notice:  Undefined variable: feedback in /home/b/b92085mx/b92085mx.beget.tech/public_html/catalog/view/theme/our_theme/template/common/header.tpl on line 96
2019-02-15 13:21:04 - PHP Notice:  Undefined variable: column_right in /home/b/b92085mx/b92085mx.beget.tech/public_html/catalog/view/theme/our_theme/template/extension/module/featured.tpl on line 5
2019-02-15 13:21:04 - PHP Notice:  Undefined variable: column_right in /home/b/b92085mx/b92085mx.beget.tech/public_html/catalog/view/theme/our_theme/template/extension/module/featured.tpl on line 5
2019-02-15 13:21:04 - PHP Notice:  Undefined variable: column_right in /home/b/b92085mx/b92085mx.beget.tech/public_html/catalog/view/theme/our_theme/template/extension/module/featured.tpl on line 5
2019-02-15 13:21:04 - PHP Notice:  Undefined variable: column_right in /home/b/b92085mx/b92085mx.beget.tech/public_html/catalog/view/theme/our_theme/template/extension/module/featured.tpl on line 5
2019-02-15 13:21:04 - PHP Notice:  Undefined variable: text_title in /home/b/b92085mx/b92085mx.beget.tech/public_html/catalog/view/theme/our_theme/template/common/cart.tpl on line 10
2019-02-15 13:21:04 - PHP Notice:  Undefined variable: text_close in /home/b/b92085mx/b92085mx.beget.tech/public_html/catalog/view/theme/our_theme/template/common/cart.tpl on line 66
2019-02-15 13:21:04 - PHP Notice:  Undefined variable: feedback in /home/b/b92085mx/b92085mx.beget.tech/public_html/catalog/view/theme/our_theme/template/common/header.tpl on line 96
2019-02-15 13:21:08 - PHP Notice:  Undefined variable: column_right in /home/b/b92085mx/b92085mx.beget.tech/public_html/catalog/view/theme/our_theme/template/extension/module/featured.tpl on line 5
2019-02-15 13:21:08 - PHP Notice:  Undefined variable: column_right in /home/b/b92085mx/b92085mx.beget.tech/public_html/catalog/view/theme/our_theme/template/extension/module/featured.tpl on line 5
2019-02-15 13:21:08 - PHP Notice:  Undefined variable: column_right in /home/b/b92085mx/b92085mx.beget.tech/public_html/catalog/view/theme/our_theme/template/extension/module/featured.tpl on line 5
2019-02-15 13:21:08 - PHP Notice:  Undefined variable: column_right in /home/b/b92085mx/b92085mx.beget.tech/public_html/catalog/view/theme/our_theme/template/extension/module/featured.tpl on line 5
2019-02-15 13:21:08 - PHP Notice:  Undefined variable: text_title in /home/b/b92085mx/b92085mx.beget.tech/public_html/catalog/view/theme/our_theme/template/common/cart.tpl on line 10
2019-02-15 13:21:08 - PHP Notice:  Undefined variable: text_close in /home/b/b92085mx/b92085mx.beget.tech/public_html/catalog/view/theme/our_theme/template/common/cart.tpl on line 66
2019-02-15 13:21:08 - PHP Notice:  Undefined variable: feedback in /home/b/b92085mx/b92085mx.beget.tech/public_html/catalog/view/theme/our_theme/template/common/header.tpl on line 96
2019-02-15 13:21:13 - PHP Notice:  Undefined variable: column_right in /home/b/b92085mx/b92085mx.beget.tech/public_html/catalog/view/theme/our_theme/template/extension/module/featured.tpl on line 5
2019-02-15 13:21:13 - PHP Notice:  Undefined variable: column_right in /home/b/b92085mx/b92085mx.beget.tech/public_html/catalog/view/theme/our_theme/template/extension/module/featured.tpl on line 5
2019-02-15 13:21:13 - PHP Notice:  Undefined variable: column_right in /home/b/b92085mx/b92085mx.beget.tech/public_html/catalog/view/theme/our_theme/template/extension/module/featured.tpl on line 5
2019-02-15 13:21:13 - PHP Notice:  Undefined variable: column_right in /home/b/b92085mx/b92085mx.beget.tech/public_html/catalog/view/theme/our_theme/template/extension/module/featured.tpl on line 5
2019-02-15 13:21:13 - PHP Notice:  Undefined variable: text_title in /home/b/b92085mx/b92085mx.beget.tech/public_html/catalog/view/theme/our_theme/template/common/cart.tpl on line 10
2019-02-15 13:21:13 - PHP Notice:  Undefined variable: text_close in /home/b/b92085mx/b92085mx.beget.tech/public_html/catalog/view/theme/our_theme/template/common/cart.tpl on line 66
2019-02-15 13:21:13 - PHP Notice:  Undefined variable: feedback in /home/b/b92085mx/b92085mx.beget.tech/public_html/catalog/view/theme/our_theme/template/common/header.tpl on line 96
2019-02-15 13:21:46 - PHP Notice:  Undefined variable: column_right in /home/b/b92085mx/b92085mx.beget.tech/public_html/catalog/view/theme/our_theme/template/extension/module/featured.tpl on line 5
2019-02-15 13:21:46 - PHP Notice:  Undefined variable: column_right in /home/b/b92085mx/b92085mx.beget.tech/public_html/catalog/view/theme/our_theme/template/extension/module/featured.tpl on line 5
2019-02-15 13:21:46 - PHP Notice:  Undefined variable: column_right in /home/b/b92085mx/b92085mx.beget.tech/public_html/catalog/view/theme/our_theme/template/extension/module/featured.tpl on line 5
2019-02-15 13:21:46 - PHP Notice:  Undefined variable: column_right in /home/b/b92085mx/b92085mx.beget.tech/public_html/catalog/view/theme/our_theme/template/extension/module/featured.tpl on line 5
2019-02-15 13:21:46 - PHP Notice:  Undefined variable: text_title in /home/b/b92085mx/b92085mx.beget.tech/public_html/catalog/view/theme/our_theme/template/common/cart.tpl on line 10
2019-02-15 13:21:46 - PHP Notice:  Undefined variable: text_close in /home/b/b92085mx/b92085mx.beget.tech/public_html/catalog/view/theme/our_theme/template/common/cart.tpl on line 66
2019-02-15 13:21:46 - PHP Notice:  Undefined variable: feedback in /home/b/b92085mx/b92085mx.beget.tech/public_html/catalog/view/theme/our_theme/template/common/header.tpl on line 96
2019-02-15 20:26:43 - PHP Notice:  Undefined variable: text_title in /home/b/b92085mx/b92085mx.beget.tech/public_html/catalog/view/theme/our_theme/template/common/cart.tpl on line 10
2019-02-15 20:26:43 - PHP Notice:  Undefined variable: text_close in /home/b/b92085mx/b92085mx.beget.tech/public_html/catalog/view/theme/our_theme/template/common/cart.tpl on line 66
2019-02-15 20:26:43 - PHP Notice:  Undefined variable: feedback in /home/b/b92085mx/b92085mx.beget.tech/public_html/catalog/view/theme/our_theme/template/common/header.tpl on line 96
2019-02-15 20:37:32 - PHP Notice:  Undefined variable: text_title in /home/b/b92085mx/b92085mx.beget.tech/public_html/catalog/view/theme/our_theme/template/common/cart.tpl on line 10
2019-02-15 20:37:32 - PHP Notice:  Undefined variable: text_close in /home/b/b92085mx/b92085mx.beget.tech/public_html/catalog/view/theme/our_theme/template/common/cart.tpl on line 66
2019-02-15 20:37:32 - PHP Notice:  Undefined variable: feedback in /home/b/b92085mx/b92085mx.beget.tech/public_html/catalog/view/theme/our_theme/template/common/header.tpl on line 96
2019-02-15 20:55:40 - PHP Notice:  Undefined variable: text_title in /home/b/b92085mx/b92085mx.beget.tech/public_html/catalog/view/theme/our_theme/template/common/cart.tpl on line 10
2019-02-15 20:55:40 - PHP Notice:  Undefined variable: text_close in /home/b/b92085mx/b92085mx.beget.tech/public_html/catalog/view/theme/our_theme/template/common/cart.tpl on line 66
2019-02-15 20:55:40 - PHP Notice:  Undefined variable: feedback in /home/b/b92085mx/b92085mx.beget.tech/public_html/catalog/view/theme/our_theme/template/common/header.tpl on line 96
2019-02-15 21:28:39 - PHP Notice:  Undefined variable: column_right in /home/b/b92085mx/b92085mx.beget.tech/public_html/catalog/view/theme/our_theme/template/extension/module/featured.tpl on line 5
2019-02-15 21:28:39 - PHP Notice:  Undefined variable: column_right in /home/b/b92085mx/b92085mx.beget.tech/public_html/catalog/view/theme/our_theme/template/extension/module/featured.tpl on line 5
2019-02-15 21:28:39 - PHP Notice:  Undefined variable: column_right in /home/b/b92085mx/b92085mx.beget.tech/public_html/catalog/view/theme/our_theme/template/extension/module/featured.tpl on line 5
2019-02-15 21:28:39 - PHP Notice:  Undefined variable: column_right in /home/b/b92085mx/b92085mx.beget.tech/public_html/catalog/view/theme/our_theme/template/extension/module/featured.tpl on line 5
2019-02-15 21:28:39 - PHP Notice:  Undefined variable: text_title in /home/b/b92085mx/b92085mx.beget.tech/public_html/catalog/view/theme/our_theme/template/common/cart.tpl on line 10
2019-02-15 21:28:39 - PHP Notice:  Undefined variable: text_close in /home/b/b92085mx/b92085mx.beget.tech/public_html/catalog/view/theme/our_theme/template/common/cart.tpl on line 66
2019-02-15 21:28:39 - PHP Notice:  Undefined variable: feedback in /home/b/b92085mx/b92085mx.beget.tech/public_html/catalog/view/theme/our_theme/template/common/header.tpl on line 96
2019-02-15 21:28:58 - PHP Notice:  Undefined variable: column_right in /home/b/b92085mx/b92085mx.beget.tech/public_html/catalog/view/theme/our_theme/template/extension/module/featured.tpl on line 5
2019-02-15 21:28:58 - PHP Notice:  Undefined variable: column_right in /home/b/b92085mx/b92085mx.beget.tech/public_html/catalog/view/theme/our_theme/template/extension/module/featured.tpl on line 5
2019-02-15 21:28:58 - PHP Notice:  Undefined variable: column_right in /home/b/b92085mx/b92085mx.beget.tech/public_html/catalog/view/theme/our_theme/template/extension/module/featured.tpl on line 5
2019-02-15 21:28:58 - PHP Notice:  Undefined variable: column_right in /home/b/b92085mx/b92085mx.beget.tech/public_html/catalog/view/theme/our_theme/template/extension/module/featured.tpl on line 5
2019-02-15 21:28:58 - PHP Notice:  Undefined variable: text_title in /home/b/b92085mx/b92085mx.beget.tech/public_html/catalog/view/theme/our_theme/template/common/cart.tpl on line 10
2019-02-15 21:28:58 - PHP Notice:  Undefined variable: text_close in /home/b/b92085mx/b92085mx.beget.tech/public_html/catalog/view/theme/our_theme/template/common/cart.tpl on line 66
2019-02-15 21:28:58 - PHP Notice:  Undefined variable: feedback in /home/b/b92085mx/b92085mx.beget.tech/public_html/catalog/view/theme/our_theme/template/common/header.tpl on line 96
2019-02-15 21:32:30 - PHP Notice:  Undefined variable: text_title in /home/b/b92085mx/b92085mx.beget.tech/public_html/catalog/view/theme/our_theme/template/common/cart.tpl on line 10
2019-02-15 21:32:30 - PHP Notice:  Undefined variable: text_close in /home/b/b92085mx/b92085mx.beget.tech/public_html/catalog/view/theme/our_theme/template/common/cart.tpl on line 66
2019-02-15 21:32:30 - PHP Notice:  Undefined variable: feedback in /home/b/b92085mx/b92085mx.beget.tech/public_html/catalog/view/theme/our_theme/template/common/header.tpl on line 96
2019-02-15 21:32:47 - PHP Notice:  Undefined variable: text_title in /home/b/b92085mx/b92085mx.beget.tech/public_html/catalog/view/theme/our_theme/template/common/cart.tpl on line 10
2019-02-15 21:32:47 - PHP Notice:  Undefined variable: text_close in /home/b/b92085mx/b92085mx.beget.tech/public_html/catalog/view/theme/our_theme/template/common/cart.tpl on line 66
2019-02-15 21:32:47 - PHP Notice:  Undefined variable: feedback in /home/b/b92085mx/b92085mx.beget.tech/public_html/catalog/view/theme/our_theme/template/common/header.tpl on line 96
2019-02-15 21:32:51 - PHP Notice:  Undefined variable: text_title in /home/b/b92085mx/b92085mx.beget.tech/public_html/catalog/view/theme/our_theme/template/common/cart.tpl on line 10
2019-02-15 21:32:51 - PHP Notice:  Undefined variable: text_close in /home/b/b92085mx/b92085mx.beget.tech/public_html/catalog/view/theme/our_theme/template/common/cart.tpl on line 66
2019-02-15 21:32:51 - PHP Notice:  Undefined variable: feedback in /home/b/b92085mx/b92085mx.beget.tech/public_html/catalog/view/theme/our_theme/template/common/header.tpl on line 96
2019-02-15 21:34:12 - PHP Notice:  Undefined variable: text_title in /home/b/b92085mx/b92085mx.beget.tech/public_html/catalog/view/theme/our_theme/template/common/cart.tpl on line 10
2019-02-15 21:34:12 - PHP Notice:  Undefined variable: text_close in /home/b/b92085mx/b92085mx.beget.tech/public_html/catalog/view/theme/our_theme/template/common/cart.tpl on line 66
2019-02-15 21:34:12 - PHP Notice:  Undefined variable: feedback in /home/b/b92085mx/b92085mx.beget.tech/public_html/catalog/view/theme/our_theme/template/common/header.tpl on line 96
2019-02-15 21:34:21 - PHP Notice:  Undefined variable: text_title in /home/b/b92085mx/b92085mx.beget.tech/public_html/catalog/view/theme/our_theme/template/common/cart.tpl on line 10
2019-02-15 21:34:21 - PHP Notice:  Undefined variable: text_close in /home/b/b92085mx/b92085mx.beget.tech/public_html/catalog/view/theme/our_theme/template/common/cart.tpl on line 66
2019-02-15 21:34:21 - PHP Notice:  Undefined variable: feedback in /home/b/b92085mx/b92085mx.beget.tech/public_html/catalog/view/theme/our_theme/template/common/header.tpl on line 96
2019-02-15 21:34:49 - PHP Notice:  Undefined variable: text_title in /home/b/b92085mx/b92085mx.beget.tech/public_html/catalog/view/theme/our_theme/template/common/cart.tpl on line 10
2019-02-15 21:34:49 - PHP Notice:  Undefined variable: text_close in /home/b/b92085mx/b92085mx.beget.tech/public_html/catalog/view/theme/our_theme/template/common/cart.tpl on line 66
2019-02-15 21:34:49 - PHP Notice:  Undefined variable: feedback in /home/b/b92085mx/b92085mx.beget.tech/public_html/catalog/view/theme/our_theme/template/common/header.tpl on line 96
2019-02-15 21:35:16 - PHP Notice:  Undefined variable: text_title in /home/b/b92085mx/b92085mx.beget.tech/public_html/catalog/view/theme/our_theme/template/common/cart.tpl on line 10
2019-02-15 21:35:16 - PHP Notice:  Undefined variable: text_close in /home/b/b92085mx/b92085mx.beget.tech/public_html/catalog/view/theme/our_theme/template/common/cart.tpl on line 66
2019-02-15 21:35:16 - PHP Notice:  Undefined variable: feedback in /home/b/b92085mx/b92085mx.beget.tech/public_html/catalog/view/theme/our_theme/template/common/header.tpl on line 96
2019-02-15 21:35:32 - PHP Notice:  Undefined variable: text_title in /home/b/b92085mx/b92085mx.beget.tech/public_html/catalog/view/theme/our_theme/template/common/cart.tpl on line 10
2019-02-15 21:35:32 - PHP Notice:  Undefined variable: text_close in /home/b/b92085mx/b92085mx.beget.tech/public_html/catalog/view/theme/our_theme/template/common/cart.tpl on line 66
2019-02-15 21:41:34 - PHP Notice:  Undefined variable: text_title in /home/b/b92085mx/b92085mx.beget.tech/public_html/catalog/view/theme/our_theme/template/common/cart.tpl on line 10
2019-02-15 21:41:34 - PHP Notice:  Undefined variable: text_close in /home/b/b92085mx/b92085mx.beget.tech/public_html/catalog/view/theme/our_theme/template/common/cart.tpl on line 66
2019-02-15 21:41:34 - PHP Notice:  Undefined variable: feedback in /home/b/b92085mx/b92085mx.beget.tech/public_html/catalog/view/theme/our_theme/template/common/header.tpl on line 96
2019-02-15 22:16:40 - PHP Warning:  sprintf(): Too few arguments in /home/b/b92085mx/b92085mx.beget.tech/public_html/catalog/controller/common/cart.php on line 55
2019-02-15 22:16:40 - PHP Notice:  Undefined variable: text_title in /home/b/b92085mx/b92085mx.beget.tech/public_html/catalog/view/theme/our_theme/template/common/cart.tpl on line 10
2019-02-15 22:16:40 - PHP Notice:  Undefined variable: text_close in /home/b/b92085mx/b92085mx.beget.tech/public_html/catalog/view/theme/our_theme/template/common/cart.tpl on line 66
2019-02-15 22:16:40 - PHP Notice:  Undefined variable: feedback in /home/b/b92085mx/b92085mx.beget.tech/public_html/catalog/view/theme/our_theme/template/common/header.tpl on line 96
2019-02-15 22:20:32 - PHP Notice:  Undefined variable: text_title in /home/b/b92085mx/b92085mx.beget.tech/public_html/catalog/view/theme/our_theme/template/common/cart.tpl on line 10
2019-02-15 22:20:32 - PHP Notice:  Undefined variable: text_close in /home/b/b92085mx/b92085mx.beget.tech/public_html/catalog/view/theme/our_theme/template/common/cart.tpl on line 66
2019-02-15 22:20:32 - PHP Notice:  Undefined variable: feedback in /home/b/b92085mx/b92085mx.beget.tech/public_html/catalog/view/theme/our_theme/template/common/header.tpl on line 96
2019-02-15 22:20:43 - PHP Notice:  Undefined variable: text_title in /home/b/b92085mx/b92085mx.beget.tech/public_html/catalog/view/theme/our_theme/template/common/cart.tpl on line 10
2019-02-15 22:20:43 - PHP Notice:  Undefined variable: text_close in /home/b/b92085mx/b92085mx.beget.tech/public_html/catalog/view/theme/our_theme/template/common/cart.tpl on line 66
2019-02-15 22:23:14 - PHP Notice:  Undefined variable: text_title in /home/b/b92085mx/b92085mx.beget.tech/public_html/catalog/view/theme/our_theme/template/common/cart.tpl on line 10
2019-02-15 22:23:14 - PHP Notice:  Undefined variable: text_close in /home/b/b92085mx/b92085mx.beget.tech/public_html/catalog/view/theme/our_theme/template/common/cart.tpl on line 66
2019-02-15 22:23:14 - PHP Notice:  Undefined variable: feedback in /home/b/b92085mx/b92085mx.beget.tech/public_html/catalog/view/theme/our_theme/template/common/header.tpl on line 96
2019-02-15 22:23:20 - PHP Notice:  Undefined variable: text_title in /home/b/b92085mx/b92085mx.beget.tech/public_html/catalog/view/theme/our_theme/template/common/cart.tpl on line 10
2019-02-15 22:23:20 - PHP Notice:  Undefined variable: text_close in /home/b/b92085mx/b92085mx.beget.tech/public_html/catalog/view/theme/our_theme/template/common/cart.tpl on line 66
2019-02-15 22:23:39 - PHP Notice:  Undefined variable: text_title in /home/b/b92085mx/b92085mx.beget.tech/public_html/catalog/view/theme/our_theme/template/common/cart.tpl on line 10
2019-02-15 22:23:39 - PHP Notice:  Undefined variable: text_close in /home/b/b92085mx/b92085mx.beget.tech/public_html/catalog/view/theme/our_theme/template/common/cart.tpl on line 66
2019-02-15 22:23:39 - PHP Notice:  Undefined variable: feedback in /home/b/b92085mx/b92085mx.beget.tech/public_html/catalog/view/theme/our_theme/template/common/header.tpl on line 96
2019-02-15 22:23:43 - PHP Notice:  Undefined variable: text_title in /home/b/b92085mx/b92085mx.beget.tech/public_html/catalog/view/theme/our_theme/template/common/cart.tpl on line 10
2019-02-15 22:23:43 - PHP Notice:  Undefined variable: text_close in /home/b/b92085mx/b92085mx.beget.tech/public_html/catalog/view/theme/our_theme/template/common/cart.tpl on line 66
2019-02-15 22:24:51 - PHP Notice:  Undefined variable: feedback in /home/b/b92085mx/b92085mx.beget.tech/public_html/catalog/view/theme/our_theme/template/common/header.tpl on line 96
2019-02-15 22:25:03 - PHP Notice:  Undefined variable: feedback in /home/b/b92085mx/b92085mx.beget.tech/public_html/catalog/view/theme/our_theme/template/common/header.tpl on line 96
2019-02-15 22:25:22 - PHP Notice:  Undefined variable: feedback in /home/b/b92085mx/b92085mx.beget.tech/public_html/catalog/view/theme/our_theme/template/common/header.tpl on line 96
2019-02-15 22:58:51 - PHP Notice:  Undefined variable: feedback in /home/b/b92085mx/b92085mx.beget.tech/public_html/catalog/view/theme/our_theme/template/common/header.tpl on line 96
2019-02-15 23:15:20 - PHP Notice:  Undefined variable: column_right in /home/b/b92085mx/b92085mx.beget.tech/public_html/catalog/view/theme/our_theme/template/extension/module/featured.tpl on line 5
2019-02-15 23:15:20 - PHP Notice:  Undefined variable: column_right in /home/b/b92085mx/b92085mx.beget.tech/public_html/catalog/view/theme/our_theme/template/extension/module/featured.tpl on line 5
2019-02-15 23:15:20 - PHP Notice:  Undefined variable: column_right in /home/b/b92085mx/b92085mx.beget.tech/public_html/catalog/view/theme/our_theme/template/extension/module/featured.tpl on line 5
2019-02-15 23:15:20 - PHP Notice:  Undefined variable: column_right in /home/b/b92085mx/b92085mx.beget.tech/public_html/catalog/view/theme/our_theme/template/extension/module/featured.tpl on line 5
2019-02-15 23:15:20 - PHP Notice:  Undefined variable: feedback in /home/b/b92085mx/b92085mx.beget.tech/public_html/catalog/view/theme/our_theme/template/common/header.tpl on line 96
2019-02-15 23:15:29 - PHP Notice:  Undefined variable: column_right in /home/b/b92085mx/b92085mx.beget.tech/public_html/catalog/view/theme/our_theme/template/extension/module/featured.tpl on line 5
2019-02-15 23:15:29 - PHP Notice:  Undefined variable: column_right in /home/b/b92085mx/b92085mx.beget.tech/public_html/catalog/view/theme/our_theme/template/extension/module/featured.tpl on line 5
2019-02-15 23:15:29 - PHP Notice:  Undefined variable: column_right in /home/b/b92085mx/b92085mx.beget.tech/public_html/catalog/view/theme/our_theme/template/extension/module/featured.tpl on line 5
2019-02-15 23:15:29 - PHP Notice:  Undefined variable: column_right in /home/b/b92085mx/b92085mx.beget.tech/public_html/catalog/view/theme/our_theme/template/extension/module/featured.tpl on line 5
2019-02-15 23:15:29 - PHP Notice:  Undefined variable: feedback in /home/b/b92085mx/b92085mx.beget.tech/public_html/catalog/view/theme/our_theme/template/common/header.tpl on line 96
2019-02-15 23:15:34 - PHP Notice:  Undefined variable: column_right in /home/b/b92085mx/b92085mx.beget.tech/public_html/catalog/view/theme/our_theme/template/extension/module/featured.tpl on line 5
2019-02-15 23:15:34 - PHP Notice:  Undefined variable: column_right in /home/b/b92085mx/b92085mx.beget.tech/public_html/catalog/view/theme/our_theme/template/extension/module/featured.tpl on line 5
2019-02-15 23:15:34 - PHP Notice:  Undefined variable: column_right in /home/b/b92085mx/b92085mx.beget.tech/public_html/catalog/view/theme/our_theme/template/extension/module/featured.tpl on line 5
2019-02-15 23:15:34 - PHP Notice:  Undefined variable: column_right in /home/b/b92085mx/b92085mx.beget.tech/public_html/catalog/view/theme/our_theme/template/extension/module/featured.tpl on line 5
2019-02-15 23:15:34 - PHP Notice:  Undefined variable: feedback in /home/b/b92085mx/b92085mx.beget.tech/public_html/catalog/view/theme/our_theme/template/common/header.tpl on line 96
2019-02-15 23:17:09 - PHP Notice:  Undefined variable: column_right in /home/b/b92085mx/b92085mx.beget.tech/public_html/catalog/view/theme/our_theme/template/extension/module/featured.tpl on line 5
2019-02-15 23:17:09 - PHP Notice:  Undefined variable: column_right in /home/b/b92085mx/b92085mx.beget.tech/public_html/catalog/view/theme/our_theme/template/extension/module/featured.tpl on line 5
2019-02-15 23:17:09 - PHP Notice:  Undefined variable: column_right in /home/b/b92085mx/b92085mx.beget.tech/public_html/catalog/view/theme/our_theme/template/extension/module/featured.tpl on line 5
2019-02-15 23:17:09 - PHP Notice:  Undefined variable: column_right in /home/b/b92085mx/b92085mx.beget.tech/public_html/catalog/view/theme/our_theme/template/extension/module/featured.tpl on line 5
2019-02-15 23:17:09 - PHP Notice:  Undefined variable: feedback in /home/b/b92085mx/b92085mx.beget.tech/public_html/catalog/view/theme/our_theme/template/common/header.tpl on line 96
2019-02-15 23:19:59 - PHP Notice:  Undefined variable: feedback in /home/b/b92085mx/b92085mx.beget.tech/public_html/catalog/view/theme/our_theme/template/common/header.tpl on line 96
2019-02-15 23:21:18 - PHP Notice:  Undefined variable: column_right in /home/b/b92085mx/b92085mx.beget.tech/public_html/catalog/view/theme/our_theme/template/extension/module/featured.tpl on line 5
2019-02-15 23:21:18 - PHP Notice:  Undefined variable: column_right in /home/b/b92085mx/b92085mx.beget.tech/public_html/catalog/view/theme/our_theme/template/extension/module/featured.tpl on line 5
2019-02-15 23:21:18 - PHP Notice:  Undefined variable: column_right in /home/b/b92085mx/b92085mx.beget.tech/public_html/catalog/view/theme/our_theme/template/extension/module/featured.tpl on line 5
2019-02-15 23:21:18 - PHP Notice:  Undefined variable: column_right in /home/b/b92085mx/b92085mx.beget.tech/public_html/catalog/view/theme/our_theme/template/extension/module/featured.tpl on line 5
2019-02-15 23:21:18 - PHP Notice:  Undefined variable: feedback in /home/b/b92085mx/b92085mx.beget.tech/public_html/catalog/view/theme/our_theme/template/common/header.tpl on line 96
2019-02-15 23:23:10 - PHP Notice:  Undefined variable: feedback in /home/b/b92085mx/b92085mx.beget.tech/public_html/catalog/view/theme/our_theme/template/common/header.tpl on line 96
2019-02-16 0:09:48 - PHP Notice:  Undefined variable: column_right in /home/b/b92085mx/b92085mx.beget.tech/public_html/catalog/view/theme/our_theme/template/extension/module/featured.tpl on line 5
2019-02-16 0:09:48 - PHP Notice:  Undefined variable: column_right in /home/b/b92085mx/b92085mx.beget.tech/public_html/catalog/view/theme/our_theme/template/extension/module/featured.tpl on line 5
2019-02-16 0:09:48 - PHP Notice:  Undefined variable: column_right in /home/b/b92085mx/b92085mx.beget.tech/public_html/catalog/view/theme/our_theme/template/extension/module/featured.tpl on line 5
2019-02-16 0:09:48 - PHP Notice:  Undefined variable: column_right in /home/b/b92085mx/b92085mx.beget.tech/public_html/catalog/view/theme/our_theme/template/extension/module/featured.tpl on line 5
2019-02-16 0:09:48 - PHP Notice:  Undefined variable: feedback in /home/b/b92085mx/b92085mx.beget.tech/public_html/catalog/view/theme/our_theme/template/common/header.tpl on line 96
2019-02-16 2:10:56 - PHP Notice:  Undefined variable: column_right in /home/b/b92085mx/b92085mx.beget.tech/public_html/catalog/view/theme/our_theme/template/extension/module/featured.tpl on line 5
2019-02-16 2:10:56 - PHP Notice:  Undefined variable: column_right in /home/b/b92085mx/b92085mx.beget.tech/public_html/catalog/view/theme/our_theme/template/extension/module/featured.tpl on line 5
2019-02-16 2:10:56 - PHP Notice:  Undefined variable: column_right in /home/b/b92085mx/b92085mx.beget.tech/public_html/catalog/view/theme/our_theme/template/extension/module/featured.tpl on line 5
2019-02-16 2:10:56 - PHP Notice:  Undefined variable: column_right in /home/b/b92085mx/b92085mx.beget.tech/public_html/catalog/view/theme/our_theme/template/extension/module/featured.tpl on line 5
2019-02-16 2:10:56 - PHP Notice:  Undefined variable: feedback in /home/b/b92085mx/b92085mx.beget.tech/public_html/catalog/view/theme/our_theme/template/common/header.tpl on line 96
2019-02-16 2:56:12 - PHP Notice:  Undefined variable: feedback in /home/b/b92085mx/b92085mx.beget.tech/public_html/catalog/view/theme/our_theme/template/common/header.tpl on line 96
2019-02-16 2:56:15 - PHP Notice:  Undefined variable: feedback in /home/b/b92085mx/b92085mx.beget.tech/public_html/catalog/view/theme/our_theme/template/common/header.tpl on line 96
2019-02-16 4:10:41 - PHP Notice:  Undefined variable: feedback in /home/b/b92085mx/b92085mx.beget.tech/public_html/catalog/view/theme/our_theme/template/common/header.tpl on line 96
2019-02-16 4:57:05 - PHP Notice:  Undefined variable: column_right in /home/b/b92085mx/b92085mx.beget.tech/public_html/catalog/view/theme/our_theme/template/extension/module/featured.tpl on line 5
2019-02-16 4:57:05 - PHP Notice:  Undefined variable: column_right in /home/b/b92085mx/b92085mx.beget.tech/public_html/catalog/view/theme/our_theme/template/extension/module/featured.tpl on line 5
2019-02-16 4:57:05 - PHP Notice:  Undefined variable: column_right in /home/b/b92085mx/b92085mx.beget.tech/public_html/catalog/view/theme/our_theme/template/extension/module/featured.tpl on line 5
2019-02-16 4:57:05 - PHP Notice:  Undefined variable: column_right in /home/b/b92085mx/b92085mx.beget.tech/public_html/catalog/view/theme/our_theme/template/extension/module/featured.tpl on line 5
2019-02-16 4:57:05 - PHP Notice:  Undefined variable: feedback in /home/b/b92085mx/b92085mx.beget.tech/public_html/catalog/view/theme/our_theme/template/common/header.tpl on line 96
2019-02-16 6:11:00 - PHP Notice:  Undefined variable: feedback in /home/b/b92085mx/b92085mx.beget.tech/public_html/catalog/view/theme/our_theme/template/common/header.tpl on line 96
2019-02-16 7:35:17 - PHP Notice:  Undefined variable: feedback in /home/b/b92085mx/b92085mx.beget.tech/public_html/catalog/view/theme/our_theme/template/common/header.tpl on line 96
2019-02-16 7:37:31 - PHP Notice:  Undefined variable: feedback in /home/b/b92085mx/b92085mx.beget.tech/public_html/catalog/view/theme/our_theme/template/common/header.tpl on line 96
2019-02-16 7:55:13 - PHP Notice:  Undefined variable: feedback in /home/b/b92085mx/b92085mx.beget.tech/public_html/catalog/view/theme/our_theme/template/common/header.tpl on line 96
2019-02-16 8:06:50 - PHP Notice:  Undefined variable: feedback in /home/b/b92085mx/b92085mx.beget.tech/public_html/catalog/view/theme/our_theme/template/common/header.tpl on line 96
2019-02-16 8:07:31 - PHP Notice:  Undefined variable: feedback in /home/b/b92085mx/b92085mx.beget.tech/public_html/catalog/view/theme/our_theme/template/common/header.tpl on line 96
2019-02-16 8:07:32 - PHP Notice:  Undefined variable: feedback in /home/b/b92085mx/b92085mx.beget.tech/public_html/catalog/view/theme/our_theme/template/common/header.tpl on line 96
2019-02-16 8:18:26 - PHP Notice:  Undefined variable: feedback in /home/b/b92085mx/b92085mx.beget.tech/public_html/catalog/view/theme/our_theme/template/common/header.tpl on line 96
2019-02-16 8:32:59 - PHP Notice:  Undefined variable: feedback in /home/b/b92085mx/b92085mx.beget.tech/public_html/catalog/view/theme/our_theme/template/common/header.tpl on line 96
2019-02-16 10:03:31 - PHP Notice:  Undefined variable: feedback in /home/b/b92085mx/b92085mx.beget.tech/public_html/catalog/view/theme/our_theme/template/common/header.tpl on line 96
2019-02-16 10:03:38 - PHP Notice:  Undefined variable: feedback in /home/b/b92085mx/b92085mx.beget.tech/public_html/catalog/view/theme/our_theme/template/common/header.tpl on line 96
2019-02-16 10:03:43 - PHP Notice:  Undefined variable: feedback in /home/b/b92085mx/b92085mx.beget.tech/public_html/catalog/view/theme/our_theme/template/common/header.tpl on line 96
2019-02-16 10:03:50 - PHP Notice:  Undefined variable: feedback in /home/b/b92085mx/b92085mx.beget.tech/public_html/catalog/view/theme/our_theme/template/common/header.tpl on line 96
2019-02-16 10:03:56 - PHP Notice:  Undefined variable: feedback in /home/b/b92085mx/b92085mx.beget.tech/public_html/catalog/view/theme/our_theme/template/common/header.tpl on line 96
2019-02-16 10:04:29 - PHP Notice:  Undefined variable: column_right in /home/b/b92085mx/b92085mx.beget.tech/public_html/catalog/view/theme/our_theme/template/extension/module/featured.tpl on line 5
2019-02-16 10:04:29 - PHP Notice:  Undefined variable: column_right in /home/b/b92085mx/b92085mx.beget.tech/public_html/catalog/view/theme/our_theme/template/extension/module/featured.tpl on line 5
2019-02-16 10:04:29 - PHP Notice:  Undefined variable: column_right in /home/b/b92085mx/b92085mx.beget.tech/public_html/catalog/view/theme/our_theme/template/extension/module/featured.tpl on line 5
2019-02-16 10:04:29 - PHP Notice:  Undefined variable: column_right in /home/b/b92085mx/b92085mx.beget.tech/public_html/catalog/view/theme/our_theme/template/extension/module/featured.tpl on line 5
2019-02-16 10:04:29 - PHP Notice:  Undefined variable: feedback in /home/b/b92085mx/b92085mx.beget.tech/public_html/catalog/view/theme/our_theme/template/common/header.tpl on line 96
2019-02-16 10:13:30 - PHP Notice:  Undefined variable: column_right in /home/b/b92085mx/b92085mx.beget.tech/public_html/catalog/view/theme/our_theme/template/extension/module/featured.tpl on line 5
2019-02-16 10:13:30 - PHP Notice:  Undefined variable: column_right in /home/b/b92085mx/b92085mx.beget.tech/public_html/catalog/view/theme/our_theme/template/extension/module/featured.tpl on line 5
2019-02-16 10:13:30 - PHP Notice:  Undefined variable: column_right in /home/b/b92085mx/b92085mx.beget.tech/public_html/catalog/view/theme/our_theme/template/extension/module/featured.tpl on line 5
2019-02-16 10:13:30 - PHP Notice:  Undefined variable: column_right in /home/b/b92085mx/b92085mx.beget.tech/public_html/catalog/view/theme/our_theme/template/extension/module/featured.tpl on line 5
2019-02-16 10:13:30 - PHP Notice:  Undefined variable: feedback in /home/b/b92085mx/b92085mx.beget.tech/public_html/catalog/view/theme/our_theme/template/common/header.tpl on line 96
2019-02-16 11:00:37 - PHP Notice:  Undefined variable: feedback in /home/b/b92085mx/b92085mx.beget.tech/public_html/catalog/view/theme/our_theme/template/common/header.tpl on line 96
2019-02-16 11:21:33 - PHP Notice:  Undefined variable: column_right in /home/b/b92085mx/b92085mx.beget.tech/public_html/catalog/view/theme/our_theme/template/extension/module/featured.tpl on line 5
2019-02-16 11:21:33 - PHP Notice:  Undefined variable: column_right in /home/b/b92085mx/b92085mx.beget.tech/public_html/catalog/view/theme/our_theme/template/extension/module/featured.tpl on line 5
2019-02-16 11:21:33 - PHP Notice:  Undefined variable: column_right in /home/b/b92085mx/b92085mx.beget.tech/public_html/catalog/view/theme/our_theme/template/extension/module/featured.tpl on line 5
2019-02-16 11:21:33 - PHP Notice:  Undefined variable: feedback in /home/b/b92085mx/b92085mx.beget.tech/public_html/catalog/view/theme/our_theme/template/common/header.tpl on line 96
2019-02-16 11:34:23 - PHP Notice:  Undefined variable: column_right in /home/b/b92085mx/b92085mx.beget.tech/public_html/catalog/view/theme/our_theme/template/extension/module/featured.tpl on line 5
2019-02-16 11:34:23 - PHP Notice:  Undefined variable: column_right in /home/b/b92085mx/b92085mx.beget.tech/public_html/catalog/view/theme/our_theme/template/extension/module/featured.tpl on line 5
2019-02-16 11:34:23 - PHP Notice:  Undefined variable: column_right in /home/b/b92085mx/b92085mx.beget.tech/public_html/catalog/view/theme/our_theme/template/extension/module/featured.tpl on line 5
2019-02-16 11:34:23 - PHP Notice:  Undefined variable: feedback in /home/b/b92085mx/b92085mx.beget.tech/public_html/catalog/view/theme/our_theme/template/common/header.tpl on line 96
2019-02-16 12:18:19 - PHP Notice:  Undefined variable: column_right in /home/b/b92085mx/b92085mx.beget.tech/public_html/catalog/view/theme/our_theme/template/extension/module/featured.tpl on line 5
2019-02-16 12:18:19 - PHP Notice:  Undefined variable: column_right in /home/b/b92085mx/b92085mx.beget.tech/public_html/catalog/view/theme/our_theme/template/extension/module/featured.tpl on line 5
2019-02-16 12:18:19 - PHP Notice:  Undefined variable: column_right in /home/b/b92085mx/b92085mx.beget.tech/public_html/catalog/view/theme/our_theme/template/extension/module/featured.tpl on line 5
2019-02-16 12:18:19 - PHP Notice:  Undefined variable: feedback in /home/b/b92085mx/b92085mx.beget.tech/public_html/catalog/view/theme/our_theme/template/common/header.tpl on line 96
2019-02-16 12:20:05 - PHP Notice:  Undefined variable: column_right in /home/b/b92085mx/b92085mx.beget.tech/public_html/catalog/view/theme/our_theme/template/extension/module/featured.tpl on line 5
2019-02-16 12:20:05 - PHP Notice:  Undefined variable: column_right in /home/b/b92085mx/b92085mx.beget.tech/public_html/catalog/view/theme/our_theme/template/extension/module/featured.tpl on line 5
2019-02-16 12:20:05 - PHP Notice:  Undefined variable: column_right in /home/b/b92085mx/b92085mx.beget.tech/public_html/catalog/view/theme/our_theme/template/extension/module/featured.tpl on line 5
2019-02-16 12:20:05 - PHP Notice:  Undefined variable: column_right in /home/b/b92085mx/b92085mx.beget.tech/public_html/catalog/view/theme/our_theme/template/extension/module/latest.tpl on line 5
2019-02-16 12:20:05 - PHP Notice:  Undefined variable: column_right in /home/b/b92085mx/b92085mx.beget.tech/public_html/catalog/view/theme/our_theme/template/extension/module/latest.tpl on line 5
2019-02-16 12:20:05 - PHP Notice:  Undefined variable: column_right in /home/b/b92085mx/b92085mx.beget.tech/public_html/catalog/view/theme/our_theme/template/extension/module/latest.tpl on line 5
2019-02-16 12:20:05 - PHP Notice:  Undefined variable: column_right in /home/b/b92085mx/b92085mx.beget.tech/public_html/catalog/view/theme/our_theme/template/extension/module/latest.tpl on line 5
2019-02-16 12:20:05 - PHP Notice:  Undefined variable: column_right in /home/b/b92085mx/b92085mx.beget.tech/public_html/catalog/view/theme/our_theme/template/extension/module/latest.tpl on line 5
2019-02-16 12:20:05 - PHP Notice:  Undefined variable: feedback in /home/b/b92085mx/b92085mx.beget.tech/public_html/catalog/view/theme/our_theme/template/common/header.tpl on line 96
2019-02-16 12:22:11 - PHP Notice:  Undefined variable: column_right in /home/b/b92085mx/b92085mx.beget.tech/public_html/catalog/view/theme/our_theme/template/extension/module/featured.tpl on line 5
2019-02-16 12:22:11 - PHP Notice:  Undefined variable: column_right in /home/b/b92085mx/b92085mx.beget.tech/public_html/catalog/view/theme/our_theme/template/extension/module/featured.tpl on line 5
2019-02-16 12:22:11 - PHP Notice:  Undefined variable: column_right in /home/b/b92085mx/b92085mx.beget.tech/public_html/catalog/view/theme/our_theme/template/extension/module/featured.tpl on line 5
2019-02-16 12:22:11 - PHP Notice:  Undefined variable: column_right in /home/b/b92085mx/b92085mx.beget.tech/public_html/catalog/view/theme/our_theme/template/extension/module/latest.tpl on line 5
2019-02-16 12:22:11 - PHP Notice:  Undefined variable: column_right in /home/b/b92085mx/b92085mx.beget.tech/public_html/catalog/view/theme/our_theme/template/extension/module/latest.tpl on line 5
2019-02-16 12:22:11 - PHP Notice:  Undefined variable: column_right in /home/b/b92085mx/b92085mx.beget.tech/public_html/catalog/view/theme/our_theme/template/extension/module/latest.tpl on line 5
2019-02-16 12:22:11 - PHP Notice:  Undefined variable: column_right in /home/b/b92085mx/b92085mx.beget.tech/public_html/catalog/view/theme/our_theme/template/extension/module/latest.tpl on line 5
2019-02-16 12:22:11 - PHP Notice:  Undefined variable: column_right in /home/b/b92085mx/b92085mx.beget.tech/public_html/catalog/view/theme/our_theme/template/extension/module/latest.tpl on line 5
2019-02-16 12:22:11 - PHP Notice:  Undefined variable: feedback in /home/b/b92085mx/b92085mx.beget.tech/public_html/catalog/view/theme/our_theme/template/common/header.tpl on line 96
2019-02-16 12:27:28 - PHP Notice:  Undefined variable: column_right in /home/b/b92085mx/b92085mx.beget.tech/public_html/catalog/view/theme/our_theme/template/extension/module/latest.tpl on line 5
2019-02-16 12:27:28 - PHP Notice:  Undefined variable: column_right in /home/b/b92085mx/b92085mx.beget.tech/public_html/catalog/view/theme/our_theme/template/extension/module/latest.tpl on line 5
2019-02-16 12:27:28 - PHP Notice:  Undefined variable: feedback in /home/b/b92085mx/b92085mx.beget.tech/public_html/catalog/view/theme/our_theme/template/common/header.tpl on line 96
2019-02-16 12:27:57 - PHP Notice:  Undefined variable: column_right in /home/b/b92085mx/b92085mx.beget.tech/public_html/catalog/view/theme/our_theme/template/extension/module/latest.tpl on line 5
2019-02-16 12:27:57 - PHP Notice:  Undefined variable: column_right in /home/b/b92085mx/b92085mx.beget.tech/public_html/catalog/view/theme/our_theme/template/extension/module/latest.tpl on line 5
2019-02-16 12:27:57 - PHP Notice:  Undefined variable: feedback in /home/b/b92085mx/b92085mx.beget.tech/public_html/catalog/view/theme/our_theme/template/common/header.tpl on line 96
2019-02-16 12:35:49 - PHP Notice:  Undefined variable: column_right in /home/b/b92085mx/b92085mx.beget.tech/public_html/catalog/view/theme/our_theme/template/extension/module/latest.tpl on line 5
2019-02-16 12:35:49 - PHP Notice:  Undefined variable: column_right in /home/b/b92085mx/b92085mx.beget.tech/public_html/catalog/view/theme/our_theme/template/extension/module/latest.tpl on line 5
2019-02-16 12:35:49 - PHP Notice:  Undefined variable: column_right in /home/b/b92085mx/b92085mx.beget.tech/public_html/catalog/view/theme/our_theme/template/extension/module/latest.tpl on line 5
2019-02-16 12:35:49 - PHP Notice:  Undefined variable: column_right in /home/b/b92085mx/b92085mx.beget.tech/public_html/catalog/view/theme/our_theme/template/extension/module/latest.tpl on line 5
2019-02-16 12:35:49 - PHP Notice:  Undefined variable: feedback in /home/b/b92085mx/b92085mx.beget.tech/public_html/catalog/view/theme/our_theme/template/common/header.tpl on line 96
2019-02-16 12:42:05 - PHP Notice:  Undefined variable: column_right in /home/b/b92085mx/b92085mx.beget.tech/public_html/catalog/view/theme/our_theme/template/extension/module/latest.tpl on line 5
2019-02-16 12:42:05 - PHP Notice:  Undefined variable: column_right in /home/b/b92085mx/b92085mx.beget.tech/public_html/catalog/view/theme/our_theme/template/extension/module/latest.tpl on line 5
2019-02-16 12:42:05 - PHP Notice:  Undefined variable: column_right in /home/b/b92085mx/b92085mx.beget.tech/public_html/catalog/view/theme/our_theme/template/extension/module/latest.tpl on line 5
2019-02-16 12:42:05 - PHP Notice:  Undefined variable: column_right in /home/b/b92085mx/b92085mx.beget.tech/public_html/catalog/view/theme/our_theme/template/extension/module/latest.tpl on line 5
2019-02-16 12:42:05 - PHP Notice:  Undefined variable: feedback in /home/b/b92085mx/b92085mx.beget.tech/public_html/catalog/view/theme/our_theme/template/common/header.tpl on line 96
2019-02-16 13:10:00 - PHP Notice:  Undefined variable: feedback in /home/b/b92085mx/b92085mx.beget.tech/public_html/catalog/view/theme/our_theme/template/common/header.tpl on line 96
2019-02-16 13:10:55 - PHP Notice:  Undefined variable: feedback in /home/b/b92085mx/b92085mx.beget.tech/public_html/catalog/view/theme/our_theme/template/common/header.tpl on line 96
2019-02-16 13:11:23 - PHP Notice:  Undefined variable: feedback in /home/b/b92085mx/b92085mx.beget.tech/public_html/catalog/view/theme/our_theme/template/common/header.tpl on line 96
2019-02-16 13:11:28 - PHP Notice:  Undefined variable: feedback in /home/b/b92085mx/b92085mx.beget.tech/public_html/catalog/view/theme/our_theme/template/common/header.tpl on line 96
2019-02-16 13:12:58 - PHP Notice:  Undefined variable: feedback in /home/b/b92085mx/b92085mx.beget.tech/public_html/catalog/view/theme/our_theme/template/common/header.tpl on line 96
2019-02-16 13:17:12 - PHP Notice:  Undefined variable: feedback in /home/b/b92085mx/b92085mx.beget.tech/public_html/catalog/view/theme/our_theme/template/common/header.tpl on line 96
2019-02-16 13:19:14 - PHP Notice:  Undefined variable: feedback in /home/b/b92085mx/b92085mx.beget.tech/public_html/catalog/view/theme/our_theme/template/common/header.tpl on line 96
2019-02-16 13:24:02 - PHP Notice:  Undefined variable: feedback in /home/b/b92085mx/b92085mx.beget.tech/public_html/catalog/view/theme/our_theme/template/common/header.tpl on line 96
2019-02-16 13:27:50 - PHP Notice:  Undefined variable: feedback in /home/b/b92085mx/b92085mx.beget.tech/public_html/catalog/view/theme/our_theme/template/common/header.tpl on line 96
2019-02-16 13:28:13 - PHP Notice:  Undefined variable: feedback in /home/b/b92085mx/b92085mx.beget.tech/public_html/catalog/view/theme/our_theme/template/common/header.tpl on line 96
2019-02-16 13:28:20 - PHP Notice:  Undefined variable: feedback in /home/b/b92085mx/b92085mx.beget.tech/public_html/catalog/view/theme/our_theme/template/common/header.tpl on line 96
2019-02-16 13:28:37 - PHP Notice:  Undefined variable: feedback in /home/b/b92085mx/b92085mx.beget.tech/public_html/catalog/view/theme/our_theme/template/common/header.tpl on line 96
2019-02-16 13:37:29 - PHP Notice:  Undefined variable: feedback in /home/b/b92085mx/b92085mx.beget.tech/public_html/catalog/view/theme/our_theme/template/common/header.tpl on line 96
2019-02-16 13:37:29 - PHP Notice:  Undefined variable: banner in /home/b/b92085mx/b92085mx.beget.tech/public_html/catalog/view/theme/our_theme/template/product/product.tpl on line 51
2019-02-16 13:37:29 - PHP Notice:  Undefined variable: banner in /home/b/b92085mx/b92085mx.beget.tech/public_html/catalog/view/theme/our_theme/template/product/product.tpl on line 51
2019-02-16 13:37:29 - PHP Notice:  Undefined variable: banner in /home/b/b92085mx/b92085mx.beget.tech/public_html/catalog/view/theme/our_theme/template/product/product.tpl on line 51
2019-02-16 13:37:29 - PHP Notice:  Undefined variable: banner in /home/b/b92085mx/b92085mx.beget.tech/public_html/catalog/view/theme/our_theme/template/product/product.tpl on line 52
2019-02-16 13:37:29 - PHP Notice:  Undefined variable: banner in /home/b/b92085mx/b92085mx.beget.tech/public_html/catalog/view/theme/our_theme/template/product/product.tpl on line 52
2019-02-16 14:26:46 - PHP Notice:  Undefined variable: feedback in /home/b/b92085mx/b92085mx.beget.tech/public_html/catalog/view/theme/our_theme/template/common/header.tpl on line 96
2019-02-16 15:00:04 - PHP Notice:  Undefined variable: feedback in /home/b/b92085mx/b92085mx.beget.tech/public_html/catalog/view/theme/our_theme/template/common/header.tpl on line 96
2019-02-16 15:48:01 - PHP Notice:  Undefined variable: feedback in /home/b/b92085mx/b92085mx.beget.tech/public_html/catalog/view/theme/our_theme/template/common/header.tpl on line 96
2019-02-16 16:12:08 - PHP Notice:  Undefined variable: feedback in /home/b/b92085mx/b92085mx.beget.tech/public_html/catalog/view/theme/our_theme/template/common/header.tpl on line 96
2019-02-16 16:33:37 - PHP Notice:  Undefined variable: feedback in /home/b/b92085mx/b92085mx.beget.tech/public_html/catalog/view/theme/our_theme/template/common/header.tpl on line 96
2019-02-16 16:39:10 - PHP Notice:  Undefined variable: feedback in /home/b/b92085mx/b92085mx.beget.tech/public_html/catalog/view/theme/our_theme/template/common/header.tpl on line 96
2019-02-16 16:39:22 - PHP Notice:  Undefined variable: feedback in /home/b/b92085mx/b92085mx.beget.tech/public_html/catalog/view/theme/our_theme/template/common/header.tpl on line 96
2019-02-16 16:39:38 - PHP Notice:  Undefined variable: feedback in /home/b/b92085mx/b92085mx.beget.tech/public_html/catalog/view/theme/our_theme/template/common/header.tpl on line 96
2019-02-16 16:41:26 - PHP Notice:  Undefined variable: feedback in /home/b/b92085mx/b92085mx.beget.tech/public_html/catalog/view/theme/our_theme/template/common/header.tpl on line 96
2019-02-16 16:41:55 - PHP Notice:  Undefined variable: feedback in /home/b/b92085mx/b92085mx.beget.tech/public_html/catalog/view/theme/our_theme/template/common/header.tpl on line 96
2019-02-16 16:42:27 - PHP Notice:  Undefined variable: feedback in /home/b/b92085mx/b92085mx.beget.tech/public_html/catalog/view/theme/our_theme/template/common/header.tpl on line 96
2019-02-16 16:42:43 - PHP Notice:  Undefined variable: feedback in /home/b/b92085mx/b92085mx.beget.tech/public_html/catalog/view/theme/our_theme/template/common/header.tpl on line 96
2019-02-16 18:08:27 - PHP Notice:  Undefined variable: feedback in /home/b/b92085mx/b92085mx.beget.tech/public_html/catalog/view/theme/our_theme/template/common/header.tpl on line 96
2019-02-16 19:03:16 - PHP Notice:  Undefined variable: feedback in C:\Apache24\htdocs\store\catalog\view\theme\our_theme\template\common\header.tpl on line 96
2019-02-16 19:06:15 - PHP Notice:  Undefined variable: feedback in C:\Apache24\htdocs\store\catalog\view\theme\our_theme\template\common\header.tpl on line 96
2019-02-16 19:06:29 - PHP Notice:  Undefined variable: feedback in C:\Apache24\htdocs\store\catalog\view\theme\our_theme\template\common\header.tpl on line 96
2019-02-17 18:27:07 - PHP Notice:  Undefined variable: feedback in C:\Apache24\htdocs\store\catalog\view\theme\our_theme\template\common\header.tpl on line 108
2019-02-17 18:27:09 - PHP Notice:  Undefined variable: feedback in C:\Apache24\htdocs\store\catalog\view\theme\our_theme\template\common\header.tpl on line 108
2019-02-17 21:09:59 - PHP Notice:  Undefined variable: feedback in C:\Apache24\htdocs\store\catalog\view\theme\our_theme\template\common\header.tpl on line 108
2019-02-17 21:13:22 - PHP Notice:  Undefined variable: feedback in C:\Apache24\htdocs\store\catalog\view\theme\our_theme\template\common\header.tpl on line 108
2019-02-17 21:17:38 - PHP Notice:  Undefined variable: feedback in C:\Apache24\htdocs\store\catalog\view\theme\our_theme\template\common\header.tpl on line 108
2019-02-17 21:30:52 - PHP Notice:  Undefined variable: feedback in C:\Apache24\htdocs\store\catalog\view\theme\our_theme\template\common\header.tpl on line 108
2019-02-17 21:47:17 - PHP Notice:  Undefined variable: ckeditor in C:\Apache24\htdocs\store\admin\view\template\extension\module\newsblog_articles.tpl on line 168
2019-02-18 7:35:28 - PHP Notice:  Undefined variable: ckeditor in C:\Apache24\htdocs\store\admin\view\template\extension\module\newsblog_articles.tpl on line 168
2019-02-18 22:25:03 - PHP Notice:  Undefined index: version in C:\Apache24\htdocs\store\admin\controller\extension\payment\yandex_money.php on line 259
2019-02-18 22:25:03 - PHP Notice:  Undefined index: date in C:\Apache24\htdocs\store\admin\view\template\extension\payment\yandex_money\update.tpl on line 14
2019-02-18 22:25:03 - PHP Notice:  Undefined index: time in C:\Apache24\htdocs\store\admin\view\template\extension\payment\yandex_money\update.tpl on line 15
2019-02-18 22:29:20 - PHP Notice:  Indirect modification of overloaded property ControllerPaymentYaMoney::$data has no effect in C:\Apache24\htdocs\store\admin\controller\payment\yamoney.php on line 77
2019-02-18 22:29:20 - PHP Notice:  Indirect modification of overloaded property ControllerPaymentYaMoney::$data has no effect in C:\Apache24\htdocs\store\admin\controller\payment\yamoney.php on line 81
2019-02-18 22:29:20 - PHP Notice:  Indirect modification of overloaded property ControllerPaymentYaMoney::$data has no effect in C:\Apache24\htdocs\store\admin\controller\payment\yamoney.php on line 83
2019-02-18 22:29:20 - PHP Notice:  Indirect modification of overloaded property ControllerPaymentYaMoney::$data has no effect in C:\Apache24\htdocs\store\admin\controller\payment\yamoney.php on line 85
2019-02-18 22:29:20 - PHP Notice:  Indirect modification of overloaded property ControllerPaymentYaMoney::$data has no effect in C:\Apache24\htdocs\store\admin\controller\payment\yamoney.php on line 86
2019-02-18 22:29:20 - PHP Notice:  Indirect modification of overloaded property ControllerPaymentYaMoney::$data has no effect in C:\Apache24\htdocs\store\admin\controller\payment\yamoney.php on line 88
2019-02-18 22:29:20 - PHP Notice:  Indirect modification of overloaded property ControllerPaymentYaMoney::$data has no effect in C:\Apache24\htdocs\store\admin\controller\payment\yamoney.php on line 90
2019-02-18 22:29:20 - PHP Notice:  Indirect modification of overloaded property ControllerPaymentYaMoney::$data has no effect in C:\Apache24\htdocs\store\admin\controller\payment\yamoney.php on line 91
2019-02-18 22:29:20 - PHP Notice:  Indirect modification of overloaded property ControllerPaymentYaMoney::$data has no effect in C:\Apache24\htdocs\store\admin\controller\payment\yamoney.php on line 93
2019-02-18 22:29:20 - PHP Notice:  Indirect modification of overloaded property ControllerPaymentYaMoney::$data has no effect in C:\Apache24\htdocs\store\admin\controller\payment\yamoney.php on line 95
2019-02-18 22:29:20 - PHP Notice:  Indirect modification of overloaded property ControllerPaymentYaMoney::$data has no effect in C:\Apache24\htdocs\store\admin\controller\payment\yamoney.php on line 98
2019-02-18 22:29:20 - PHP Notice:  Indirect modification of overloaded property ControllerPaymentYaMoney::$data has no effect in C:\Apache24\htdocs\store\admin\controller\payment\yamoney.php on line 99
2019-02-18 22:29:20 - PHP Notice:  Indirect modification of overloaded property ControllerPaymentYaMoney::$data has no effect in C:\Apache24\htdocs\store\admin\controller\payment\yamoney.php on line 100
2019-02-18 22:29:20 - PHP Notice:  Indirect modification of overloaded property ControllerPaymentYaMoney::$data has no effect in C:\Apache24\htdocs\store\admin\controller\payment\yamoney.php on line 101
2019-02-18 22:29:20 - PHP Notice:  Indirect modification of overloaded property ControllerPaymentYaMoney::$data has no effect in C:\Apache24\htdocs\store\admin\controller\payment\yamoney.php on line 103
2019-02-18 22:29:20 - PHP Notice:  Indirect modification of overloaded property ControllerPaymentYaMoney::$data has no effect in C:\Apache24\htdocs\store\admin\controller\payment\yamoney.php on line 104
2019-02-18 22:30:17 - PHP Notice:  Indirect modification of overloaded property ControllerPaymentYaMoney::$data has no effect in C:\Apache24\htdocs\store\admin\controller\payment\yamoney.php on line 77
2019-02-18 22:30:17 - PHP Notice:  Indirect modification of overloaded property ControllerPaymentYaMoney::$data has no effect in C:\Apache24\htdocs\store\admin\controller\payment\yamoney.php on line 81
2019-02-18 22:30:17 - PHP Notice:  Indirect modification of overloaded property ControllerPaymentYaMoney::$data has no effect in C:\Apache24\htdocs\store\admin\controller\payment\yamoney.php on line 83
2019-02-18 22:30:17 - PHP Notice:  Indirect modification of overloaded property ControllerPaymentYaMoney::$data has no effect in C:\Apache24\htdocs\store\admin\controller\payment\yamoney.php on line 85
2019-02-18 22:30:17 - PHP Notice:  Indirect modification of overloaded property ControllerPaymentYaMoney::$data has no effect in C:\Apache24\htdocs\store\admin\controller\payment\yamoney.php on line 86
2019-02-18 22:30:17 - PHP Notice:  Indirect modification of overloaded property ControllerPaymentYaMoney::$data has no effect in C:\Apache24\htdocs\store\admin\controller\payment\yamoney.php on line 88
2019-02-18 22:30:17 - PHP Notice:  Indirect modification of overloaded property ControllerPaymentYaMoney::$data has no effect in C:\Apache24\htdocs\store\admin\controller\payment\yamoney.php on line 90
2019-02-18 22:30:17 - PHP Notice:  Indirect modification of overloaded property ControllerPaymentYaMoney::$data has no effect in C:\Apache24\htdocs\store\admin\controller\payment\yamoney.php on line 91
2019-02-18 22:30:17 - PHP Notice:  Indirect modification of overloaded property ControllerPaymentYaMoney::$data has no effect in C:\Apache24\htdocs\store\admin\controller\payment\yamoney.php on line 93
2019-02-18 22:30:17 - PHP Notice:  Indirect modification of overloaded property ControllerPaymentYaMoney::$data has no effect in C:\Apache24\htdocs\store\admin\controller\payment\yamoney.php on line 95
2019-02-18 22:30:17 - PHP Notice:  Indirect modification of overloaded property ControllerPaymentYaMoney::$data has no effect in C:\Apache24\htdocs\store\admin\controller\payment\yamoney.php on line 98
2019-02-18 22:30:17 - PHP Notice:  Indirect modification of overloaded property ControllerPaymentYaMoney::$data has no effect in C:\Apache24\htdocs\store\admin\controller\payment\yamoney.php on line 99
2019-02-18 22:30:17 - PHP Notice:  Indirect modification of overloaded property ControllerPaymentYaMoney::$data has no effect in C:\Apache24\htdocs\store\admin\controller\payment\yamoney.php on line 100
2019-02-18 22:30:17 - PHP Notice:  Indirect modification of overloaded property ControllerPaymentYaMoney::$data has no effect in C:\Apache24\htdocs\store\admin\controller\payment\yamoney.php on line 101
2019-02-18 22:30:17 - PHP Notice:  Indirect modification of overloaded property ControllerPaymentYaMoney::$data has no effect in C:\Apache24\htdocs\store\admin\controller\payment\yamoney.php on line 103
2019-02-18 22:30:17 - PHP Notice:  Indirect modification of overloaded property ControllerPaymentYaMoney::$data has no effect in C:\Apache24\htdocs\store\admin\controller\payment\yamoney.php on line 104
2019-02-18 22:30:35 - PHP Notice:  Indirect modification of overloaded property ControllerPaymentYaMoney::$data has no effect in C:\Apache24\htdocs\store\admin\controller\payment\yamoney.php on line 77
2019-02-18 22:30:35 - PHP Notice:  Indirect modification of overloaded property ControllerPaymentYaMoney::$data has no effect in C:\Apache24\htdocs\store\admin\controller\payment\yamoney.php on line 81
2019-02-18 22:30:35 - PHP Notice:  Indirect modification of overloaded property ControllerPaymentYaMoney::$data has no effect in C:\Apache24\htdocs\store\admin\controller\payment\yamoney.php on line 83
2019-02-18 22:30:35 - PHP Notice:  Indirect modification of overloaded property ControllerPaymentYaMoney::$data has no effect in C:\Apache24\htdocs\store\admin\controller\payment\yamoney.php on line 85
2019-02-18 22:30:35 - PHP Notice:  Indirect modification of overloaded property ControllerPaymentYaMoney::$data has no effect in C:\Apache24\htdocs\store\admin\controller\payment\yamoney.php on line 86
2019-02-18 22:30:35 - PHP Notice:  Indirect modification of overloaded property ControllerPaymentYaMoney::$data has no effect in C:\Apache24\htdocs\store\admin\controller\payment\yamoney.php on line 88
2019-02-18 22:30:35 - PHP Notice:  Indirect modification of overloaded property ControllerPaymentYaMoney::$data has no effect in C:\Apache24\htdocs\store\admin\controller\payment\yamoney.php on line 90
2019-02-18 22:30:35 - PHP Notice:  Indirect modification of overloaded property ControllerPaymentYaMoney::$data has no effect in C:\Apache24\htdocs\store\admin\controller\payment\yamoney.php on line 91
2019-02-18 22:30:36 - PHP Notice:  Indirect modification of overloaded property ControllerPaymentYaMoney::$data has no effect in C:\Apache24\htdocs\store\admin\controller\payment\yamoney.php on line 93
2019-02-18 22:30:36 - PHP Notice:  Indirect modification of overloaded property ControllerPaymentYaMoney::$data has no effect in C:\Apache24\htdocs\store\admin\controller\payment\yamoney.php on line 95
2019-02-18 22:30:36 - PHP Notice:  Indirect modification of overloaded property ControllerPaymentYaMoney::$data has no effect in C:\Apache24\htdocs\store\admin\controller\payment\yamoney.php on line 98
2019-02-18 22:30:36 - PHP Notice:  Indirect modification of overloaded property ControllerPaymentYaMoney::$data has no effect in C:\Apache24\htdocs\store\admin\controller\payment\yamoney.php on line 99
2019-02-18 22:30:36 - PHP Notice:  Indirect modification of overloaded property ControllerPaymentYaMoney::$data has no effect in C:\Apache24\htdocs\store\admin\controller\payment\yamoney.php on line 100
2019-02-18 22:30:36 - PHP Notice:  Indirect modification of overloaded property ControllerPaymentYaMoney::$data has no effect in C:\Apache24\htdocs\store\admin\controller\payment\yamoney.php on line 101
2019-02-18 22:30:36 - PHP Notice:  Indirect modification of overloaded property ControllerPaymentYaMoney::$data has no effect in C:\Apache24\htdocs\store\admin\controller\payment\yamoney.php on line 103
2019-02-18 22:30:36 - PHP Notice:  Indirect modification of overloaded property ControllerPaymentYaMoney::$data has no effect in C:\Apache24\htdocs\store\admin\controller\payment\yamoney.php on line 104
2019-02-19 16:41:28 - PHP Notice:  Undefined index: comment in C:\Apache24\htdocs\store\catalog\controller\checkout\payment_method.php on line 186
